<?xml version="1.0" encoding="UTF-8"?>
<!-- Generated by org.testng.reporters.JUnitReportReporter -->
<testsuite hostname="Amits-MBP.hitronhub.home" failures="0" tests="1" name="com.qa.tests.BookingPageTest" time="15.386" errors="0" timestamp="2021-11-26T01:15:55 GMT-04:00" skipped="0">
  <testcase classname="com.qa.tests.BookingPageTest" name="bookingPageTitleTest" time="15.386"/>
  <system-out/>
</testsuite> <!-- com.qa.tests.BookingPageTest -->
