<?xml version="1.0" encoding="UTF-8"?>
<!-- Generated by org.testng.reporters.JUnitReportReporter -->
<testsuite hostname="Amits-MBP.hitronhub.home" failures="0" tests="2" name="com.qa.tests.LoginPageTest" time="20.975" errors="0" timestamp="2021-11-26T17:11:33 GMT-04:00" skipped="0">
  <testcase classname="com.qa.tests.LoginPageTest" name="loignTest" time="9.038"/>
  <system-out/>
  <testcase classname="com.qa.tests.LoginPageTest" name="loginPageTitleTest" time="11.937"/>
  <system-out/>
</testsuite> <!-- com.qa.tests.LoginPageTest -->
