<?xml version="1.0" encoding="UTF-8"?>
<!-- Generated by org.testng.reporters.JUnitReportReporter -->
<testsuite hostname="Amits-MBP.hitronhub.home" failures="0" tests="3" name="com.qa.tests.HomePageTest" time="33.658" errors="0" timestamp="2021-11-26T17:11:33 GMT-04:00" skipped="0">
  <testcase classname="com.qa.tests.HomePageTest" name="homePageTitleTest" time="10.492"/>
  <system-out/>
  <testcase classname="com.qa.tests.HomePageTest" name="usernameDiplayTest" time="8.263"/>
  <system-out/>
  <testcase classname="com.qa.tests.HomePageTest" name="clickAgentTest" time="14.903"/>
  <system-out/>
</testsuite> <!-- com.qa.tests.HomePageTest -->
